<?xml version="1.0" encoding="UTF-8"?>
<!-- Generated by org.testng.reporters.JUnitReportReporter -->
<testsuite hostname="sapna" failures="0" tests="1" name="com.ecommercetest.Flipkart" time="9.000" errors="0" timestamp="2021-02-20T18:11:09 IST" skipped="0">
  <testcase classname="com.ecommercetest.Flipkart" name="fetchData" time="9.000"/>
  <system-out/>
</testsuite> <!-- com.ecommercetest.Flipkart -->
