<?xml version="1.0" encoding="UTF-8"?>
<!-- Generated by org.testng.reporters.JUnitReportReporter -->
<testsuite hostname="sapna" failures="0" tests="1" name="Pro" time="0.022" errors="0" timestamp="2021-02-20T16:15:48 IST" skipped="0">
  <testcase classname="Pro" name="hello" time="0.022"/>
  <system-out/>
</testsuite> <!-- Pro -->
