<?xml version="1.0" encoding="UTF-8"?>
<!-- Generated by org.testng.reporters.JUnitReportReporter -->
<testsuite hostname="sapna" failures="0" tests="1" name="com.ecommercetest.SearchIphoneTest" time="6.441" errors="0" timestamp="2021-02-21T22:53:30 IST" skipped="0">
  <testcase classname="com.ecommercetest.SearchIphoneTest" name="iphonesearch" time="6.441"/>
  <system-out/>
</testsuite> <!-- com.ecommercetest.SearchIphoneTest -->
