<?xml version="1.0" encoding="UTF-8"?>
<!-- Generated by org.testng.reporters.JUnitReportReporter -->
<testsuite hostname="sapna" failures="0" tests="1" name="com.ecommercetest.Print" time="0.015" errors="0" timestamp="2021-02-21T07:59:48 IST" skipped="0">
  <testcase classname="com.ecommercetest.Print" name="hello" time="0.015"/>
  <system-out/>
</testsuite> <!-- com.ecommercetest.Print -->
